<?xml version="1.0" encoding="utf-8"?><testsuites name="pytest tests"><testsuite name="pytest" errors="0" failures="0" skipped="0" tests="3" time="0.357" timestamp="2026-04-26T12:45:27.808625+00:00" hostname="agent-env-b331c875-a8fd-401a-81e8-70b7caca16a6"><testcase classname="backend.tests.test_celesta_premium_shop" name="test_get_products_returns_list" time="0.200" /><testcase classname="backend.tests.test_celesta_premium_shop" name="test_get_combos_includes_complete_kit" time="0.053" /><testcase classname="backend.tests.test_celesta_premium_shop" name="test_get_site_settings" time="0.054" /></testsuite></testsuites>