<?xml version="1.0" encoding="utf-8"?><testsuites name="pytest tests"><testsuite name="pytest" errors="0" failures="0" skipped="0" tests="15" time="2.943" timestamp="2026-04-13T21:28:35.714507+00:00" hostname="agent-env-55781763-704a-432d-ac63-b128713bddd6"><testcase classname="backend.tests.test_employee_portal.TestEmployeeLogin" name="test_employee_login_success" time="0.475" /><testcase classname="backend.tests.test_employee_portal.TestEmployeeLogin" name="test_employee_login_invalid_credentials" time="0.260" /><testcase classname="backend.tests.test_employee_portal.TestEmployeeLogin" name="test_limited_user_login" time="0.068" /><testcase classname="backend.tests.test_employee_portal.TestEmployeeVerify" name="test_verify_valid_token" time="0.140" /><testcase classname="backend.tests.test_employee_portal.TestEmployeeVerify" name="test_verify_invalid_token" time="0.060" /><testcase classname="backend.tests.test_employee_portal.TestEmployeeOrders" name="test_get_orders_with_employee_token" time="0.146" /><testcase classname="backend.tests.test_employee_portal.TestEmployeeCustomers" name="test_get_customers_with_employee_token" time="0.146" /><testcase classname="backend.tests.test_employee_portal.TestEmployeeBlogs" name="test_get_blogs_public" time="0.070" /><testcase classname="backend.tests.test_employee_portal.TestEmployeeAnalytics" name="test_get_live_analytics_with_employee_token" time="0.146" /><testcase classname="backend.tests.test_employee_portal.TestEmployeeAnalytics" name="test_get_user_tracking_stats_with_employee_token" time="0.138" /><testcase classname="backend.tests.test_employee_portal.TestEmployeeLandingPages" name="test_get_landing_pages_with_employee_token" time="0.127" /><testcase classname="backend.tests.test_employee_portal.TestEmployeeConsultations" name="test_get_consultations_with_employee_token" time="0.673" /><testcase classname="backend.tests.test_employee_portal.TestPermissionEnforcement" name="test_limited_user_cannot_access_analytics" time="0.144" /><testcase classname="backend.tests.test_employee_portal.TestPermissionEnforcement" name="test_limited_user_can_access_orders" time="0.144" /><testcase classname="backend.tests.test_employee_portal.TestPermissionEnforcement" name="test_limited_user_can_access_customers" time="0.150" /></testsuite></testsuites>