<?xml version="1.0" encoding="utf-8"?><testsuites name="pytest tests"><testsuite name="pytest" errors="0" failures="0" skipped="0" tests="18" time="2.075" timestamp="2026-04-25T20:47:24.118724+00:00" hostname="agent-env-55781763-704a-432d-ac63-b128713bddd6"><testcase classname="backend.tests.test_multiproduct_transformation.TestProductsAPI" name="test_get_all_products_returns_5" time="0.359" /><testcase classname="backend.tests.test_multiproduct_transformation.TestProductsAPI" name="test_products_have_images" time="0.070" /><testcase classname="backend.tests.test_multiproduct_transformation.TestProductsAPI" name="test_serum_product_details" time="0.299" /><testcase classname="backend.tests.test_multiproduct_transformation.TestProductsAPI" name="test_night_cream_product_details" time="0.081" /><testcase classname="backend.tests.test_multiproduct_transformation.TestProductsAPI" name="test_under_eye_cream_product_details" time="0.070" /><testcase classname="backend.tests.test_multiproduct_transformation.TestProductsAPI" name="test_sunscreen_product_details" time="0.082" /><testcase classname="backend.tests.test_multiproduct_transformation.TestProductsAPI" name="test_cleanser_product_details" time="0.135" /><testcase classname="backend.tests.test_multiproduct_transformation.TestCombosAPI" name="test_get_all_combos_returns_3" time="0.064" /><testcase classname="backend.tests.test_multiproduct_transformation.TestCombosAPI" name="test_complete_kit_combo" time="0.079" /><testcase classname="backend.tests.test_multiproduct_transformation.TestCombosAPI" name="test_day_night_duo_combo" time="0.067" /><testcase classname="backend.tests.test_multiproduct_transformation.TestCombosAPI" name="test_glow_essentials_combo" time="0.070" /><testcase classname="backend.tests.test_multiproduct_transformation.TestCartValidation" name="test_validate_single_product" time="0.065" /><testcase classname="backend.tests.test_multiproduct_transformation.TestCartValidation" name="test_validate_multiple_products" time="0.070" /><testcase classname="backend.tests.test_multiproduct_transformation.TestCartValidation" name="test_validate_combo" time="0.068" /><testcase classname="backend.tests.test_multiproduct_transformation.TestCartValidation" name="test_validate_cod_pricing" time="0.091" /><testcase classname="backend.tests.test_multiproduct_transformation.TestSiteSettings" name="test_get_site_settings" time="0.084" /><testcase classname="backend.tests.test_multiproduct_transformation.TestAdminProducts" name="test_admin_login" time="0.099" /><testcase classname="backend.tests.test_multiproduct_transformation.TestAdminProducts" name="test_admin_get_all_products" time="0.142" /></testsuite></testsuites>