<?xml version="1.0" encoding="utf-8"?><testsuites name="pytest tests"><testsuite name="pytest" errors="0" failures="1" skipped="0" tests="19" time="21.130" timestamp="2026-04-01T10:36:05.986812+00:00" hostname="agent-env-55781763-704a-432d-ac63-b128713bddd6"><testcase classname="tests.test_celesta_features.TestHealthAndBasics" name="test_api_root" time="0.302" /><testcase classname="tests.test_celesta_features.TestHealthAndBasics" name="test_recent_purchases" time="0.312" /><testcase classname="tests.test_celesta_features.TestOrderAPI" name="test_create_order_cod" time="5.250" /><testcase classname="tests.test_celesta_features.TestOrderAPI" name="test_create_order_prepaid" time="5.903" /><testcase classname="tests.test_celesta_features.TestOrderAPI" name="test_create_order_with_referral" time="5.175" /><testcase classname="tests.test_celesta_features.TestOrderAPI" name="test_get_orders" time="0.132" /><testcase classname="tests.test_celesta_features.TestOrderAPI" name="test_get_order_by_id" time="2.896" /><testcase classname="tests.test_celesta_features.TestPincodeAPI" name="test_pincode_maharashtra" time="0.077" /><testcase classname="tests.test_celesta_features.TestPincodeAPI" name="test_pincode_karnataka" time="0.097" /><testcase classname="tests.test_celesta_features.TestDiscountAPI" name="test_claim_discount" time="0.093" /><testcase classname="tests.test_celesta_features.TestDiscountAPI" name="test_validate_discount" time="0.099" /><testcase classname="tests.test_celesta_features.TestBlogAPI" name="test_get_blogs" time="0.104" /><testcase classname="tests.test_celesta_features.TestBlogAPI" name="test_search_blogs" time="0.093" /><testcase classname="tests.test_celesta_features.TestAdminAPI" name="test_admin_login_success" time="0.087" /><testcase classname="tests.test_celesta_features.TestAdminAPI" name="test_admin_login_failure" time="0.079" /><testcase classname="tests.test_celesta_features.TestAdminAPI" name="test_admin_analytics_live" time="0.091" /><testcase classname="tests.test_celesta_features.TestReferralAPI" name="test_get_referrals" time="0.079" /><testcase classname="tests.test_celesta_features.TestReferralAPI" name="test_validate_referral_code" time="0.100"><failure message="assert 405 in [200, 404]&#10; +  where 405 = &lt;Response [405]&gt;.status_code">tests/test_celesta_features.py:278: in test_validate_referral_code
    assert response.status_code in [200, 404]
E   assert 405 in [200, 404]
E    +  where 405 = &lt;Response [405]&gt;.status_code</failure></testcase><testcase classname="tests.test_celesta_features.TestNotificationAPI" name="test_get_broadcasts" time="0.067" /></testsuite></testsuites>