<?xml version="1.0" encoding="utf-8"?><testsuites name="pytest tests"><testsuite name="pytest" errors="0" failures="0" skipped="0" tests="15" time="2.998" timestamp="2026-04-05T01:29:12.477952+00:00" hostname="agent-env-55781763-704a-432d-ac63-b128713bddd6"><testcase classname="backend.tests.test_admin_session_whatsapp.TestAdminAuthentication" name="test_admin_login_success" time="0.512" /><testcase classname="backend.tests.test_admin_session_whatsapp.TestAdminAuthentication" name="test_admin_login_failure" time="0.076" /><testcase classname="backend.tests.test_admin_session_whatsapp.TestAdminAuthentication" name="test_admin_logout" time="0.063" /><testcase classname="backend.tests.test_admin_session_whatsapp.TestAdminDashboard" name="test_admin_analytics_live" time="0.343" /><testcase classname="backend.tests.test_admin_session_whatsapp.TestAdminDashboard" name="test_admin_analytics_overview" time="0.126" /><testcase classname="backend.tests.test_admin_session_whatsapp.TestAdminDashboard" name="test_admin_analytics_pages" time="0.217" /><testcase classname="backend.tests.test_admin_session_whatsapp.TestAdminDashboard" name="test_admin_analytics_leads" time="0.145" /><testcase classname="backend.tests.test_admin_session_whatsapp.TestAdminDashboard" name="test_admin_blog_stats" time="0.146" /><testcase classname="backend.tests.test_admin_session_whatsapp.TestAdminDashboard" name="test_admin_unauthorized_without_token" time="0.132" /><testcase classname="backend.tests.test_admin_session_whatsapp.TestAdminUserJourney" name="test_user_tracking_visitors" time="0.411" /><testcase classname="backend.tests.test_admin_session_whatsapp.TestAdminUserJourney" name="test_user_tracking_stats" time="0.148" /><testcase classname="backend.tests.test_admin_session_whatsapp.TestWhatsAppAPI" name="test_whatsapp_logs_endpoint" time="0.131" /><testcase classname="backend.tests.test_admin_session_whatsapp.TestWhatsAppAPI" name="test_whatsapp_stats_endpoint" time="0.143" /><testcase classname="backend.tests.test_admin_session_whatsapp.TestSessionTokenSecurity" name="test_session_token_format" time="0.071" /><testcase classname="backend.tests.test_admin_session_whatsapp.TestSessionTokenSecurity" name="test_token_works_for_multiple_requests" time="0.276" /></testsuite></testsuites>