<?xml version="1.0" encoding="utf-8"?><testsuites name="pytest tests"><testsuite name="pytest" errors="0" failures="0" skipped="0" tests="21" time="6.736" timestamp="2026-04-25T20:03:40.919021+00:00" hostname="agent-env-55781763-704a-432d-ac63-b128713bddd6"><testcase classname="backend.tests.test_multiproduct_ecommerce.TestProductsAPI" name="test_get_all_products_returns_5_active" time="0.509" /><testcase classname="backend.tests.test_multiproduct_ecommerce.TestProductsAPI" name="test_products_have_correct_mrp_prices" time="0.282" /><testcase classname="backend.tests.test_multiproduct_ecommerce.TestProductsAPI" name="test_get_anti_aging_serum_details" time="0.078" /><testcase classname="backend.tests.test_multiproduct_ecommerce.TestProductsAPI" name="test_get_sunscreen_details" time="0.083" /><testcase classname="backend.tests.test_multiproduct_ecommerce.TestProductsAPI" name="test_get_nonexistent_product_returns_404" time="0.070" /><testcase classname="backend.tests.test_multiproduct_ecommerce.TestCombosAPI" name="test_get_combos_returns_3" time="0.086" /><testcase classname="backend.tests.test_multiproduct_ecommerce.TestCombosAPI" name="test_combos_have_correct_ids" time="0.080" /><testcase classname="backend.tests.test_multiproduct_ecommerce.TestCombosAPI" name="test_complete_kit_combo_details" time="0.069" /><testcase classname="backend.tests.test_multiproduct_ecommerce.TestCartValidation" name="test_validate_single_product_cart" time="0.083" /><testcase classname="backend.tests.test_multiproduct_ecommerce.TestCartValidation" name="test_validate_multiple_products_cart" time="0.089" /><testcase classname="backend.tests.test_multiproduct_ecommerce.TestCartValidation" name="test_validate_combo_cart" time="0.072" /><testcase classname="backend.tests.test_multiproduct_ecommerce.TestCartValidation" name="test_validate_cart_cod_vs_prepaid_pricing" time="0.162" /><testcase classname="backend.tests.test_multiproduct_ecommerce.TestCouponValidation" name="test_validate_invalid_coupon" time="0.079" /><testcase classname="backend.tests.test_multiproduct_ecommerce.TestCouponValidation" name="test_admin_create_and_validate_coupon" time="0.325" /><testcase classname="backend.tests.test_multiproduct_ecommerce.TestSiteSettings" name="test_get_site_settings" time="0.066" /><testcase classname="backend.tests.test_multiproduct_ecommerce.TestAdminProductManagement" name="test_admin_login" time="0.096" /><testcase classname="backend.tests.test_multiproduct_ecommerce.TestAdminProductManagement" name="test_admin_update_product" time="0.361" /><testcase classname="backend.tests.test_multiproduct_ecommerce.TestAdminProductManagement" name="test_admin_create_coupon" time="0.226" /><testcase classname="backend.tests.test_multiproduct_ecommerce.TestAdminProductManagement" name="test_admin_get_coupons" time="0.125" /><testcase classname="backend.tests.test_multiproduct_ecommerce.TestAdminProductManagement" name="test_unauthorized_product_update_fails" time="0.102" /><testcase classname="backend.tests.test_multiproduct_ecommerce.TestOrderCreation" name="test_create_order_with_items" time="3.605" /></testsuite></testsuites>